Java HotSpot(TM) 64-Bit Server VM warning: ignoring option MaxPermSize=350m; support was removed in 8.0
WARN: 拒绝连接
java.net.ConnectException: 拒绝连接
	at java.net.PlainSocketImpl.socketConnect(Native Method)
	at java.net.AbstractPlainSocketImpl.doConnect(AbstractPlainSocketImpl.java:345)
	at java.net.AbstractPlainSocketImpl.connectToAddress(AbstractPlainSocketImpl.java:206)
	at java.net.AbstractPlainSocketImpl.connect(AbstractPlainSocketImpl.java:188)
	at java.net.SocksSocketImpl.connect(SocksSocketImpl.java:392)
	at java.net.Socket.connect(Socket.java:589)
	at java.net.Socket.connect(Socket.java:538)
	at java.net.Socket.<init>(Socket.java:434)
	at java.net.Socket.<init>(Socket.java:244)
	at com.intellij.idea.SocketLock.a(SocketLock.java:184)
	at com.intellij.idea.SocketLock.access$300(SocketLock.java:50)
	at com.intellij.idea.SocketLock$2.call(SocketLock.java:124)
	at com.intellij.idea.SocketLock$2.call(SocketLock.java:113)
	at com.intellij.idea.SocketLock.a(SocketLock.java:157)
	at com.intellij.idea.SocketLock.lock(SocketLock.java:113)
	at com.intellij.idea.StartupUtil.a(StartupUtil.java:263)
	at com.intellij.idea.StartupUtil.prepareAndStart(StartupUtil.java:101)
	at sun.reflect.NativeMethodAccessorImpl.invoke0(Native Method)
	at sun.reflect.NativeMethodAccessorImpl.invoke(NativeMethodAccessorImpl.java:62)
	at sun.reflect.DelegatingMethodAccessorImpl.invoke(DelegatingMethodAccessorImpl.java:43)
	at java.lang.reflect.Method.invoke(Method.java:497)
	at com.intellij.idea.MainImpl.start(MainImpl.java:36)
	at sun.reflect.NativeMethodAccessorImpl.invoke0(Native Method)
	at sun.reflect.NativeMethodAccessorImpl.invoke(NativeMethodAccessorImpl.java:62)
	at sun.reflect.DelegatingMethodAccessorImpl.invoke(DelegatingMethodAccessorImpl.java:43)
	at java.lang.reflect.Method.invoke(Method.java:497)
	at com.intellij.ide.plugins.PluginManager$2.run(PluginManager.java:90)
	at java.lang.Thread.run(Thread.java:745)
log4j:WARN No appenders could be found for logger (io.netty.util.internal.logging.InternalLoggerFactory).
log4j:WARN Please initialize the log4j system properly.
log4j:WARN See http://logging.apache.org/log4j/1.2/faq.html#noconfig for more info.
[  54685]   WARN - tartup.impl.StartupManagerImpl - /home/m/web/note/.idea/misc.xml 
java.io.FileNotFoundException: /home/m/web/note/.idea/misc.xml
	at com.intellij.openapi.util.io.FileUtil.isFileSystemCaseSensitive(FileUtil.java:1673)
	at com.intellij.ide.startup.impl.StartupManagerImpl.c(StartupManagerImpl.java:259)
	at com.intellij.ide.startup.impl.StartupManagerImpl.runPostStartupActivities(StartupManagerImpl.java:178)
	at com.intellij.openapi.project.impl.ProjectManagerImpl$5$2.run(ProjectManagerImpl.java:392)
	at java.awt.event.InvocationEvent.dispatch(InvocationEvent.java:311)
	at java.awt.EventQueue.dispatchEventImpl(EventQueue.java:756)
	at java.awt.EventQueue.access$500(EventQueue.java:97)
	at java.awt.EventQueue$3.run(EventQueue.java:709)
	at java.awt.EventQueue$3.run(EventQueue.java:703)
	at java.security.AccessController.doPrivileged(Native Method)
	at java.security.ProtectionDomain$1.doIntersectionPrivilege(ProtectionDomain.java:75)
	at java.awt.EventQueue.dispatchEvent(EventQueue.java:726)
	at com.intellij.ide.IdeEventQueue.d(IdeEventQueue.java:866)
	at com.intellij.ide.IdeEventQueue._dispatchEvent(IdeEventQueue.java:654)
	at com.intellij.ide.IdeEventQueue.dispatchEvent(IdeEventQueue.java:381)
	at java.awt.EventDispatchThread.pumpOneEventForFilters(EventDispatchThread.java:201)
	at java.awt.EventDispatchThread.pumpEventsForFilter(EventDispatchThread.java:116)
	at java.awt.EventDispatchThread.pumpEventsForHierarchy(EventDispatchThread.java:105)
	at java.awt.EventDispatchThread.pumpEvents(EventDispatchThread.java:101)
	at java.awt.EventDispatchThread.pumpEvents(EventDispatchThread.java:93)
	at java.awt.EventDispatchThread.run(EventDispatchThread.java:82)
[3288742]  ERROR - stubs.StubProcessingHelperBase - Assertion failed: unable to get stub builder for com.intellij.json.JsonFileType@134b75b4 
java.lang.Throwable
	at com.intellij.openapi.diagnostic.Logger.assertTrue(Logger.java:144)
	at com.intellij.psi.stubs.StubProcessingHelperBase.processStubsInFile(StubProcessingHelperBase.java:79)
	at com.intellij.psi.stubs.StubProcessingHelperBase.processStubsInFile(StubProcessingHelperBase.java:52)
	at com.intellij.psi.stubs.StubIndexImpl$1.process(StubIndexImpl.java:231)
	at com.intellij.psi.stubs.StubIndexImpl$StubIdListContainerAction.perform(StubIndexImpl.java:582)
	at com.intellij.psi.stubs.StubIndexImpl$StubIdListContainerAction.perform(StubIndexImpl.java:570)
	at com.intellij.util.indexing.ValueContainer.forEach(ValueContainer.java:81)
	at com.intellij.psi.stubs.StubIndexImpl.a(StubIndexImpl.java:252)
	at com.intellij.psi.stubs.StubIndexImpl.processElements(StubIndexImpl.java:223)
	at com.intellij.psi.stubs.StubIndex.getElements(StubIndex.java:145)
	at com.intellij.psi.stubs.StubIndex.getElements(StubIndex.java:135)
	at com.jetbrains.php.PhpIndexImpl.getClassesByNameInScope(PhpIndexImpl.java:235)
	at com.jetbrains.php.PhpIndexImpl.getClassesByName(PhpIndexImpl.java:229)
	at com.jetbrains.php.completion.PhpCompletionContributor$PhpClassRefCompletionProvider.addCompletions(PhpCompletionContributor.java:439)
	at com.intellij.codeInsight.completion.CompletionProvider.addCompletionVariants(CompletionProvider.java:36)
	at com.intellij.codeInsight.completion.CompletionContributor.fillCompletionVariants(CompletionContributor.java:155)
	at com.intellij.codeInsight.completion.CompletionService.getVariantsFromContributors(CompletionService.java:81)
	at com.intellij.codeInsight.completion.CompletionResultSet.runRemainingContributors(CompletionResultSet.java:135)
	at com.intellij.codeInsight.completion.CompletionResultSet.runRemainingContributors(CompletionResultSet.java:128)
	at com.intellij.codeInsight.template.impl.LiveTemplateCompletionContributor$2.addCompletions(LiveTemplateCompletionContributor.java:90)
	at com.intellij.codeInsight.completion.CompletionProvider.addCompletionVariants(CompletionProvider.java:36)
	at com.intellij.codeInsight.completion.CompletionContributor.fillCompletionVariants(CompletionContributor.java:155)
	at com.intellij.codeInsight.completion.CompletionService.getVariantsFromContributors(CompletionService.java:81)
	at com.intellij.codeInsight.completion.CompletionService.performCompletion(CompletionService.java:110)
	at com.intellij.codeInsight.completion.CompletionProgressIndicator.a(CompletionProgressIndicator.java:843)
	at com.intellij.codeInsight.completion.CompletionProgressIndicator.access$1000(CompletionProgressIndicator.java:93)
	at com.intellij.codeInsight.completion.CompletionProgressIndicator$1CalculateItems.run(CompletionProgressIndicator.java:825)
	at com.intellij.codeInsight.completion.AsyncCompletion$1$1$1.run(CompletionThreading.java:94)
	at com.intellij.openapi.application.impl.ApplicationImpl.runReadAction(ApplicationImpl.java:951)
	at com.intellij.codeInsight.completion.AsyncCompletion$1$1.run(CompletionThreading.java:89)
	at com.intellij.openapi.progress.impl.CoreProgressManager$2.run(CoreProgressManager.java:142)
	at com.intellij.openapi.progress.impl.CoreProgressManager.a(CoreProgressManager.java:446)
	at com.intellij.openapi.progress.impl.CoreProgressManager.executeProcessUnderProgress(CoreProgressManager.java:392)
	at com.intellij.openapi.progress.impl.ProgressManagerImpl.executeProcessUnderProgress(ProgressManagerImpl.java:54)
	at com.intellij.openapi.progress.impl.CoreProgressManager.runProcess(CoreProgressManager.java:127)
	at com.intellij.codeInsight.completion.AsyncCompletion$1.run(CompletionThreading.java:85)
	at com.intellij.openapi.application.impl.ApplicationImpl$8.run(ApplicationImpl.java:366)
	at java.util.concurrent.Executors$RunnableAdapter.call(Executors.java:511)
	at java.util.concurrent.FutureTask.run(FutureTask.java:266)
	at java.util.concurrent.ThreadPoolExecutor.runWorker(ThreadPoolExecutor.java:1142)
	at java.util.concurrent.ThreadPoolExecutor$Worker.run(ThreadPoolExecutor.java:617)
	at java.lang.Thread.run(Thread.java:745)
	at org.jetbrains.ide.PooledThreadExecutor$1$1.run(PooledThreadExecutor.java:55)
[3288783]  ERROR - stubs.StubProcessingHelperBase - PhpStorm 10.0.3  Build #PS-143.1770 
[3288784]  ERROR - stubs.StubProcessingHelperBase - JDK: 1.8.0_51 
[3288784]  ERROR - stubs.StubProcessingHelperBase - VM: Java HotSpot(TM) 64-Bit Server VM 
[3288784]  ERROR - stubs.StubProcessingHelperBase - Vendor: Oracle Corporation 
[3288784]  ERROR - stubs.StubProcessingHelperBase - OS: Linux 
[3288784]  ERROR - stubs.StubProcessingHelperBase - Last Action: EditorEnter 
[3288867]  ERROR - j.psi.stubs.StubTreeLoaderImpl - Outdated stub in index: no data, doc=null, docSaved=true, wasIndexedAlready=true, queried at 1457499794000 
[3288867]  ERROR - j.psi.stubs.StubTreeLoaderImpl - PhpStorm 10.0.3  Build #PS-143.1770 
[3288867]  ERROR - j.psi.stubs.StubTreeLoaderImpl - JDK: 1.8.0_51 
[3288867]  ERROR - j.psi.stubs.StubTreeLoaderImpl - VM: Java HotSpot(TM) 64-Bit Server VM 
[3288867]  ERROR - j.psi.stubs.StubTreeLoaderImpl - Vendor: Oracle Corporation 
[3288867]  ERROR - j.psi.stubs.StubTreeLoaderImpl - OS: Linux 
[3288868]  ERROR - j.psi.stubs.StubTreeLoaderImpl - Last Action: EditorEnter 
[3597949]  ERROR - terminal.emulator.JediEmulator - Error processing OSC 11;? 
[3731437]  ERROR - stubs.StubProcessingHelperBase - Assertion failed: unable to get stub builder for com.intellij.json.JsonFileType@134b75b4 
java.lang.Throwable
	at com.intellij.openapi.diagnostic.Logger.assertTrue(Logger.java:144)
	at com.intellij.psi.stubs.StubProcessingHelperBase.processStubsInFile(StubProcessingHelperBase.java:79)
	at com.intellij.psi.stubs.StubProcessingHelperBase.processStubsInFile(StubProcessingHelperBase.java:52)
	at com.intellij.psi.stubs.StubIndexImpl$1.process(StubIndexImpl.java:231)
	at com.intellij.psi.stubs.StubIndexImpl$StubIdListContainerAction.perform(StubIndexImpl.java:582)
	at com.intellij.psi.stubs.StubIndexImpl$StubIdListContainerAction.perform(StubIndexImpl.java:570)
	at com.intellij.util.indexing.ValueContainer.forEach(ValueContainer.java:81)
	at com.intellij.psi.stubs.StubIndexImpl.a(StubIndexImpl.java:252)
	at com.intellij.psi.stubs.StubIndexImpl.processElements(StubIndexImpl.java:223)
	at com.intellij.psi.stubs.StubIndex.getElements(StubIndex.java:145)
	at com.intellij.psi.stubs.StubIndex.getElements(StubIndex.java:135)
	at com.jetbrains.php.PhpIndexImpl.getClassesByNameInScope(PhpIndexImpl.java:235)
	at com.jetbrains.php.PhpIndexImpl.getClassesByName(PhpIndexImpl.java:229)
	at com.jetbrains.php.completion.PhpCompletionContributor$PhpClassRefCompletionProvider.addCompletions(PhpCompletionContributor.java:439)
	at com.intellij.codeInsight.completion.CompletionProvider.addCompletionVariants(CompletionProvider.java:36)
	at com.intellij.codeInsight.completion.CompletionContributor.fillCompletionVariants(CompletionContributor.java:155)
	at com.intellij.codeInsight.completion.CompletionService.getVariantsFromContributors(CompletionService.java:81)
	at com.intellij.codeInsight.completion.CompletionResultSet.runRemainingContributors(CompletionResultSet.java:135)
	at com.intellij.codeInsight.completion.CompletionResultSet.runRemainingContributors(CompletionResultSet.java:128)
	at com.intellij.codeInsight.template.impl.LiveTemplateCompletionContributor$2.addCompletions(LiveTemplateCompletionContributor.java:90)
	at com.intellij.codeInsight.completion.CompletionProvider.addCompletionVariants(CompletionProvider.java:36)
	at com.intellij.codeInsight.completion.CompletionContributor.fillCompletionVariants(CompletionContributor.java:155)
	at com.intellij.codeInsight.completion.CompletionService.getVariantsFromContributors(CompletionService.java:81)
	at com.intellij.codeInsight.completion.CompletionService.performCompletion(CompletionService.java:110)
	at com.intellij.codeInsight.completion.CompletionProgressIndicator.a(CompletionProgressIndicator.java:843)
	at com.intellij.codeInsight.completion.CompletionProgressIndicator.access$1000(CompletionProgressIndicator.java:93)
	at com.intellij.codeInsight.completion.CompletionProgressIndicator$1CalculateItems.run(CompletionProgressIndicator.java:825)
	at com.intellij.codeInsight.completion.AsyncCompletion$1$1$1.run(CompletionThreading.java:94)
	at com.intellij.openapi.application.impl.ApplicationImpl.runReadAction(ApplicationImpl.java:951)
	at com.intellij.codeInsight.completion.AsyncCompletion$1$1.run(CompletionThreading.java:89)
	at com.intellij.openapi.progress.impl.CoreProgressManager$2.run(CoreProgressManager.java:142)
	at com.intellij.openapi.progress.impl.CoreProgressManager.a(CoreProgressManager.java:446)
	at com.intellij.openapi.progress.impl.CoreProgressManager.executeProcessUnderProgress(CoreProgressManager.java:392)
	at com.intellij.openapi.progress.impl.ProgressManagerImpl.executeProcessUnderProgress(ProgressManagerImpl.java:54)
	at com.intellij.openapi.progress.impl.CoreProgressManager.runProcess(CoreProgressManager.java:127)
	at com.intellij.codeInsight.completion.AsyncCompletion$1.run(CompletionThreading.java:85)
	at com.intellij.openapi.application.impl.ApplicationImpl$8.run(ApplicationImpl.java:366)
	at java.util.concurrent.Executors$RunnableAdapter.call(Executors.java:511)
	at java.util.concurrent.FutureTask.run(FutureTask.java:266)
	at java.util.concurrent.ThreadPoolExecutor.runWorker(ThreadPoolExecutor.java:1142)
	at java.util.concurrent.ThreadPoolExecutor$Worker.run(ThreadPoolExecutor.java:617)
	at java.lang.Thread.run(Thread.java:745)
	at org.jetbrains.ide.PooledThreadExecutor$1$1.run(PooledThreadExecutor.java:55)
[3731443]  ERROR - stubs.StubProcessingHelperBase - PhpStorm 10.0.3  Build #PS-143.1770 
[3731443]  ERROR - stubs.StubProcessingHelperBase - JDK: 1.8.0_51 
[3731445]  ERROR - stubs.StubProcessingHelperBase - VM: Java HotSpot(TM) 64-Bit Server VM 
[3731445]  ERROR - stubs.StubProcessingHelperBase - Vendor: Oracle Corporation 
[3731445]  ERROR - stubs.StubProcessingHelperBase - OS: Linux 
[3731445]  ERROR - stubs.StubProcessingHelperBase - Last Action: EditorTab 
[3731446]  ERROR - j.psi.stubs.StubTreeLoaderImpl - Outdated stub in index: no data, doc=null, docSaved=true, wasIndexedAlready=true, queried at 1457499794000 
[3731446]  ERROR - j.psi.stubs.StubTreeLoaderImpl - PhpStorm 10.0.3  Build #PS-143.1770 
[3731446]  ERROR - j.psi.stubs.StubTreeLoaderImpl - JDK: 1.8.0_51 
[3731446]  ERROR - j.psi.stubs.StubTreeLoaderImpl - VM: Java HotSpot(TM) 64-Bit Server VM 
[3731447]  ERROR - j.psi.stubs.StubTreeLoaderImpl - Vendor: Oracle Corporation 
[3731447]  ERROR - j.psi.stubs.StubTreeLoaderImpl - OS: Linux 
[3731447]  ERROR - j.psi.stubs.StubTreeLoaderImpl - Last Action: EditorTab 
[5989850]  ERROR - stubs.StubProcessingHelperBase - Assertion failed: unable to get stub builder for com.intellij.json.JsonFileType@134b75b4 
java.lang.Throwable
	at com.intellij.openapi.diagnostic.Logger.assertTrue(Logger.java:144)
	at com.intellij.psi.stubs.StubProcessingHelperBase.processStubsInFile(StubProcessingHelperBase.java:79)
	at com.intellij.psi.stubs.StubProcessingHelperBase.processStubsInFile(StubProcessingHelperBase.java:52)
	at com.intellij.psi.stubs.StubIndexImpl$1.process(StubIndexImpl.java:231)
	at com.intellij.psi.stubs.StubIndexImpl$StubIdListContainerAction.perform(StubIndexImpl.java:582)
	at com.intellij.psi.stubs.StubIndexImpl$StubIdListContainerAction.perform(StubIndexImpl.java:570)
	at com.intellij.util.indexing.ValueContainer.forEach(ValueContainer.java:81)
	at com.intellij.psi.stubs.StubIndexImpl.a(StubIndexImpl.java:252)
	at com.intellij.psi.stubs.StubIndexImpl.processElements(StubIndexImpl.java:223)
	at com.intellij.psi.stubs.StubIndex.getElements(StubIndex.java:145)
	at com.intellij.psi.stubs.StubIndex.getElements(StubIndex.java:135)
	at com.jetbrains.php.PhpIndexImpl.getClassesByNameInScope(PhpIndexImpl.java:235)
	at com.jetbrains.php.PhpIndexImpl.getClassesByName(PhpIndexImpl.java:229)
	at com.jetbrains.php.completion.PhpCompletionContributor$PhpClassRefCompletionProvider.addCompletions(PhpCompletionContributor.java:439)
	at com.intellij.codeInsight.completion.CompletionProvider.addCompletionVariants(CompletionProvider.java:36)
	at com.intellij.codeInsight.completion.CompletionContributor.fillCompletionVariants(CompletionContributor.java:155)
	at com.intellij.codeInsight.completion.CompletionService.getVariantsFromContributors(CompletionService.java:81)
	at com.intellij.codeInsight.completion.CompletionResultSet.runRemainingContributors(CompletionResultSet.java:135)
	at com.intellij.codeInsight.completion.CompletionResultSet.runRemainingContributors(CompletionResultSet.java:128)
	at com.intellij.codeInsight.template.impl.LiveTemplateCompletionContributor$2.addCompletions(LiveTemplateCompletionContributor.java:90)
	at com.intellij.codeInsight.completion.CompletionProvider.addCompletionVariants(CompletionProvider.java:36)
	at com.intellij.codeInsight.completion.CompletionContributor.fillCompletionVariants(CompletionContributor.java:155)
	at com.intellij.codeInsight.completion.CompletionService.getVariantsFromContributors(CompletionService.java:81)
	at com.intellij.codeInsight.completion.CompletionService.performCompletion(CompletionService.java:110)
	at com.intellij.codeInsight.completion.CompletionProgressIndicator.a(CompletionProgressIndicator.java:843)
	at com.intellij.codeInsight.completion.CompletionProgressIndicator.access$1000(CompletionProgressIndicator.java:93)
	at com.intellij.codeInsight.completion.CompletionProgressIndicator$1CalculateItems.run(CompletionProgressIndicator.java:825)
	at com.intellij.codeInsight.completion.AsyncCompletion$1$1$1.run(CompletionThreading.java:94)
	at com.intellij.openapi.application.impl.ApplicationImpl.runReadAction(ApplicationImpl.java:951)
	at com.intellij.codeInsight.completion.AsyncCompletion$1$1.run(CompletionThreading.java:89)
	at com.intellij.openapi.progress.impl.CoreProgressManager$2.run(CoreProgressManager.java:142)
	at com.intellij.openapi.progress.impl.CoreProgressManager.a(CoreProgressManager.java:446)
	at com.intellij.openapi.progress.impl.CoreProgressManager.executeProcessUnderProgress(CoreProgressManager.java:392)
	at com.intellij.openapi.progress.impl.ProgressManagerImpl.executeProcessUnderProgress(ProgressManagerImpl.java:54)
	at com.intellij.openapi.progress.impl.CoreProgressManager.runProcess(CoreProgressManager.java:127)
	at com.intellij.codeInsight.completion.AsyncCompletion$1.run(CompletionThreading.java:85)
	at com.intellij.openapi.application.impl.ApplicationImpl$8.run(ApplicationImpl.java:366)
	at java.util.concurrent.Executors$RunnableAdapter.call(Executors.java:511)
	at java.util.concurrent.FutureTask.run(FutureTask.java:266)
	at java.util.concurrent.ThreadPoolExecutor.runWorker(ThreadPoolExecutor.java:1142)
	at java.util.concurrent.ThreadPoolExecutor$Worker.run(ThreadPoolExecutor.java:617)
	at java.lang.Thread.run(Thread.java:745)
	at org.jetbrains.ide.PooledThreadExecutor$1$1.run(PooledThreadExecutor.java:55)
[5989869]  ERROR - stubs.StubProcessingHelperBase - PhpStorm 10.0.3  Build #PS-143.1770 
[5989869]  ERROR - stubs.StubProcessingHelperBase - JDK: 1.8.0_51 
[5989869]  ERROR - stubs.StubProcessingHelperBase - VM: Java HotSpot(TM) 64-Bit Server VM 
[5989870]  ERROR - stubs.StubProcessingHelperBase - Vendor: Oracle Corporation 
[5989870]  ERROR - stubs.StubProcessingHelperBase - OS: Linux 
[5989870]  ERROR - stubs.StubProcessingHelperBase - Last Action: EditorLeft 
[5989870]  ERROR - j.psi.stubs.StubTreeLoaderImpl - Outdated stub in index: no data, doc=null, docSaved=true, wasIndexedAlready=true, queried at 1457499794000 
[5989870]  ERROR - j.psi.stubs.StubTreeLoaderImpl - PhpStorm 10.0.3  Build #PS-143.1770 
[5989870]  ERROR - j.psi.stubs.StubTreeLoaderImpl - JDK: 1.8.0_51 
[5989870]  ERROR - j.psi.stubs.StubTreeLoaderImpl - VM: Java HotSpot(TM) 64-Bit Server VM 
[5989871]  ERROR - j.psi.stubs.StubTreeLoaderImpl - Vendor: Oracle Corporation 
[5989871]  ERROR - j.psi.stubs.StubTreeLoaderImpl - OS: Linux 
[5989871]  ERROR - j.psi.stubs.StubTreeLoaderImpl - Last Action: EditorLeft 
[6545553]  ERROR - stubs.StubProcessingHelperBase - Assertion failed: unable to get stub builder for com.intellij.json.JsonFileType@134b75b4 
java.lang.Throwable
	at com.intellij.openapi.diagnostic.Logger.assertTrue(Logger.java:144)
	at com.intellij.psi.stubs.StubProcessingHelperBase.processStubsInFile(StubProcessingHelperBase.java:79)
	at com.intellij.psi.stubs.StubProcessingHelperBase.processStubsInFile(StubProcessingHelperBase.java:52)
	at com.intellij.psi.stubs.StubIndexImpl$1.process(StubIndexImpl.java:231)
	at com.intellij.psi.stubs.StubIndexImpl$StubIdListContainerAction.perform(StubIndexImpl.java:582)
	at com.intellij.psi.stubs.StubIndexImpl$StubIdListContainerAction.perform(StubIndexImpl.java:570)
	at com.intellij.util.indexing.ValueContainer.forEach(ValueContainer.java:81)
	at com.intellij.psi.stubs.StubIndexImpl.a(StubIndexImpl.java:252)
	at com.intellij.psi.stubs.StubIndexImpl.processElements(StubIndexImpl.java:223)
	at com.intellij.psi.stubs.StubIndex.getElements(StubIndex.java:145)
	at com.intellij.psi.stubs.StubIndex.getElements(StubIndex.java:135)
	at com.jetbrains.php.PhpIndexImpl.getClassesByNameInScope(PhpIndexImpl.java:235)
	at com.jetbrains.php.PhpIndexImpl.getClassesByName(PhpIndexImpl.java:229)
	at com.jetbrains.php.completion.PhpCompletionContributor$PhpClassRefCompletionProvider.addCompletions(PhpCompletionContributor.java:439)
	at com.intellij.codeInsight.completion.CompletionProvider.addCompletionVariants(CompletionProvider.java:36)
	at com.intellij.codeInsight.completion.CompletionContributor.fillCompletionVariants(CompletionContributor.java:155)
	at com.intellij.codeInsight.completion.CompletionService.getVariantsFromContributors(CompletionService.java:81)
	at com.intellij.codeInsight.completion.CompletionResultSet.runRemainingContributors(CompletionResultSet.java:135)
	at com.intellij.codeInsight.completion.CompletionResultSet.runRemainingContributors(CompletionResultSet.java:128)
	at com.intellij.codeInsight.template.impl.LiveTemplateCompletionContributor$2.addCompletions(LiveTemplateCompletionContributor.java:90)
	at com.intellij.codeInsight.completion.CompletionProvider.addCompletionVariants(CompletionProvider.java:36)
	at com.intellij.codeInsight.completion.CompletionContributor.fillCompletionVariants(CompletionContributor.java:155)
	at com.intellij.codeInsight.completion.CompletionService.getVariantsFromContributors(CompletionService.java:81)
	at com.intellij.codeInsight.completion.CompletionService.performCompletion(CompletionService.java:110)
	at com.intellij.codeInsight.completion.CompletionProgressIndicator.a(CompletionProgressIndicator.java:843)
	at com.intellij.codeInsight.completion.CompletionProgressIndicator.access$1000(CompletionProgressIndicator.java:93)
	at com.intellij.codeInsight.completion.CompletionProgressIndicator$1CalculateItems.run(CompletionProgressIndicator.java:825)
	at com.intellij.codeInsight.completion.AsyncCompletion$1$1$1.run(CompletionThreading.java:94)
	at com.intellij.openapi.application.impl.ApplicationImpl.runReadAction(ApplicationImpl.java:951)
	at com.intellij.codeInsight.completion.AsyncCompletion$1$1.run(CompletionThreading.java:89)
	at com.intellij.openapi.progress.impl.CoreProgressManager$2.run(CoreProgressManager.java:142)
	at com.intellij.openapi.progress.impl.CoreProgressManager.a(CoreProgressManager.java:446)
	at com.intellij.openapi.progress.impl.CoreProgressManager.executeProcessUnderProgress(CoreProgressManager.java:392)
	at com.intellij.openapi.progress.impl.ProgressManagerImpl.executeProcessUnderProgress(ProgressManagerImpl.java:54)
	at com.intellij.openapi.progress.impl.CoreProgressManager.runProcess(CoreProgressManager.java:127)
	at com.intellij.codeInsight.completion.AsyncCompletion$1.run(CompletionThreading.java:85)
	at com.intellij.openapi.application.impl.ApplicationImpl$8.run(ApplicationImpl.java:366)
	at java.util.concurrent.Executors$RunnableAdapter.call(Executors.java:511)
	at java.util.concurrent.FutureTask.run(FutureTask.java:266)
	at java.util.concurrent.ThreadPoolExecutor.runWorker(ThreadPoolExecutor.java:1142)
	at java.util.concurrent.ThreadPoolExecutor$Worker.run(ThreadPoolExecutor.java:617)
	at java.lang.Thread.run(Thread.java:745)
	at org.jetbrains.ide.PooledThreadExecutor$1$1.run(PooledThreadExecutor.java:55)
[6545554]  ERROR - stubs.StubProcessingHelperBase - PhpStorm 10.0.3  Build #PS-143.1770 
[6545554]  ERROR - stubs.StubProcessingHelperBase - JDK: 1.8.0_51 
[6545554]  ERROR - stubs.StubProcessingHelperBase - VM: Java HotSpot(TM) 64-Bit Server VM 
[6545554]  ERROR - stubs.StubProcessingHelperBase - Vendor: Oracle Corporation 
[6545554]  ERROR - stubs.StubProcessingHelperBase - OS: Linux 
[6545554]  ERROR - stubs.StubProcessingHelperBase - Last Action: EditorChooseLookupItem 
[6545554]  ERROR - j.psi.stubs.StubTreeLoaderImpl - Outdated stub in index: no data, doc=null, docSaved=true, wasIndexedAlready=true, queried at 1457499794000 
[6545554]  ERROR - j.psi.stubs.StubTreeLoaderImpl - PhpStorm 10.0.3  Build #PS-143.1770 
[6545554]  ERROR - j.psi.stubs.StubTreeLoaderImpl - JDK: 1.8.0_51 
[6545554]  ERROR - j.psi.stubs.StubTreeLoaderImpl - VM: Java HotSpot(TM) 64-Bit Server VM 
[6545554]  ERROR - j.psi.stubs.StubTreeLoaderImpl - Vendor: Oracle Corporation 
[6545554]  ERROR - j.psi.stubs.StubTreeLoaderImpl - OS: Linux 
[6545554]  ERROR - j.psi.stubs.StubTreeLoaderImpl - Last Action: EditorChooseLookupItem 
[7822823]  ERROR - stubs.StubProcessingHelperBase - Assertion failed: unable to get stub builder for com.intellij.json.JsonFileType@134b75b4 
java.lang.Throwable
	at com.intellij.openapi.diagnostic.Logger.assertTrue(Logger.java:144)
	at com.intellij.psi.stubs.StubProcessingHelperBase.processStubsInFile(StubProcessingHelperBase.java:79)
	at com.intellij.psi.stubs.StubProcessingHelperBase.processStubsInFile(StubProcessingHelperBase.java:52)
	at com.intellij.psi.stubs.StubIndexImpl$1.process(StubIndexImpl.java:231)
	at com.intellij.psi.stubs.StubIndexImpl$StubIdListContainerAction.perform(StubIndexImpl.java:582)
	at com.intellij.psi.stubs.StubIndexImpl$StubIdListContainerAction.perform(StubIndexImpl.java:570)
	at com.intellij.util.indexing.ValueContainer.forEach(ValueContainer.java:81)
	at com.intellij.psi.stubs.StubIndexImpl.a(StubIndexImpl.java:252)
	at com.intellij.psi.stubs.StubIndexImpl.processElements(StubIndexImpl.java:223)
	at com.intellij.psi.stubs.StubIndex.getElements(StubIndex.java:145)
	at com.intellij.psi.stubs.StubIndex.getElements(StubIndex.java:135)
	at com.jetbrains.php.PhpIndexImpl.getClassesByNameInScope(PhpIndexImpl.java:235)
	at com.jetbrains.php.PhpIndexImpl.getClassesByName(PhpIndexImpl.java:229)
	at com.jetbrains.php.completion.PhpCompletionContributor$PhpClassRefCompletionProvider.addCompletions(PhpCompletionContributor.java:439)
	at com.intellij.codeInsight.completion.CompletionProvider.addCompletionVariants(CompletionProvider.java:36)
	at com.intellij.codeInsight.completion.CompletionContributor.fillCompletionVariants(CompletionContributor.java:155)
	at com.intellij.codeInsight.completion.CompletionService.getVariantsFromContributors(CompletionService.java:81)
	at com.intellij.codeInsight.completion.CompletionResultSet.runRemainingContributors(CompletionResultSet.java:135)
	at com.intellij.codeInsight.completion.CompletionResultSet.runRemainingContributors(CompletionResultSet.java:128)
	at com.intellij.codeInsight.template.impl.LiveTemplateCompletionContributor$2.addCompletions(LiveTemplateCompletionContributor.java:90)
	at com.intellij.codeInsight.completion.CompletionProvider.addCompletionVariants(CompletionProvider.java:36)
	at com.intellij.codeInsight.completion.CompletionContributor.fillCompletionVariants(CompletionContributor.java:155)
	at com.intellij.codeInsight.completion.CompletionService.getVariantsFromContributors(CompletionService.java:81)
	at com.intellij.codeInsight.completion.CompletionService.performCompletion(CompletionService.java:110)
	at com.intellij.codeInsight.completion.CompletionProgressIndicator.a(CompletionProgressIndicator.java:843)
	at com.intellij.codeInsight.completion.CompletionProgressIndicator.access$1000(CompletionProgressIndicator.java:93)
	at com.intellij.codeInsight.completion.CompletionProgressIndicator$1CalculateItems.run(CompletionProgressIndicator.java:825)
	at com.intellij.codeInsight.completion.AsyncCompletion$1$1$1.run(CompletionThreading.java:94)
	at com.intellij.openapi.application.impl.ApplicationImpl.runReadAction(ApplicationImpl.java:951)
	at com.intellij.codeInsight.completion.AsyncCompletion$1$1.run(CompletionThreading.java:89)
	at com.intellij.openapi.progress.impl.CoreProgressManager$2.run(CoreProgressManager.java:142)
	at com.intellij.openapi.progress.impl.CoreProgressManager.a(CoreProgressManager.java:446)
	at com.intellij.openapi.progress.impl.CoreProgressManager.executeProcessUnderProgress(CoreProgressManager.java:392)
	at com.intellij.openapi.progress.impl.ProgressManagerImpl.executeProcessUnderProgress(ProgressManagerImpl.java:54)
	at com.intellij.openapi.progress.impl.CoreProgressManager.runProcess(CoreProgressManager.java:127)
	at com.intellij.codeInsight.completion.AsyncCompletion$1.run(CompletionThreading.java:85)
	at com.intellij.openapi.application.impl.ApplicationImpl$8.run(ApplicationImpl.java:366)
	at java.util.concurrent.Executors$RunnableAdapter.call(Executors.java:511)
	at java.util.concurrent.FutureTask.run(FutureTask.java:266)
	at java.util.concurrent.ThreadPoolExecutor.runWorker(ThreadPoolExecutor.java:1142)
	at java.util.concurrent.ThreadPoolExecutor$Worker.run(ThreadPoolExecutor.java:617)
	at java.lang.Thread.run(Thread.java:745)
	at org.jetbrains.ide.PooledThreadExecutor$1$1.run(PooledThreadExecutor.java:55)
[7822824]  ERROR - stubs.StubProcessingHelperBase - PhpStorm 10.0.3  Build #PS-143.1770 
[7822824]  ERROR - stubs.StubProcessingHelperBase - JDK: 1.8.0_51 
[7822824]  ERROR - stubs.StubProcessingHelperBase - VM: Java HotSpot(TM) 64-Bit Server VM 
[7822825]  ERROR - stubs.StubProcessingHelperBase - Vendor: Oracle Corporation 
[7822825]  ERROR - stubs.StubProcessingHelperBase - OS: Linux 
[7822825]  ERROR - stubs.StubProcessingHelperBase - Last Action: EditorEnter 
[7822825]  ERROR - j.psi.stubs.StubTreeLoaderImpl - Outdated stub in index: no data, doc=null, docSaved=true, wasIndexedAlready=true, queried at 1457499794000 
[7822825]  ERROR - j.psi.stubs.StubTreeLoaderImpl - PhpStorm 10.0.3  Build #PS-143.1770 
[7822825]  ERROR - j.psi.stubs.StubTreeLoaderImpl - JDK: 1.8.0_51 
[7822825]  ERROR - j.psi.stubs.StubTreeLoaderImpl - VM: Java HotSpot(TM) 64-Bit Server VM 
[7822825]  ERROR - j.psi.stubs.StubTreeLoaderImpl - Vendor: Oracle Corporation 
[7822825]  ERROR - j.psi.stubs.StubTreeLoaderImpl - OS: Linux 
[7822825]  ERROR - j.psi.stubs.StubTreeLoaderImpl - Last Action: EditorEnter 
[7823006]  ERROR - stubs.StubProcessingHelperBase - Assertion failed: unable to get stub builder for com.intellij.json.JsonFileType@134b75b4 
java.lang.Throwable
	at com.intellij.openapi.diagnostic.Logger.assertTrue(Logger.java:144)
	at com.intellij.psi.stubs.StubProcessingHelperBase.processStubsInFile(StubProcessingHelperBase.java:79)
	at com.intellij.psi.stubs.StubProcessingHelperBase.processStubsInFile(StubProcessingHelperBase.java:52)
	at com.intellij.psi.stubs.StubIndexImpl$1.process(StubIndexImpl.java:231)
	at com.intellij.psi.stubs.StubIndexImpl$StubIdListContainerAction.perform(StubIndexImpl.java:582)
	at com.intellij.psi.stubs.StubIndexImpl$StubIdListContainerAction.perform(StubIndexImpl.java:570)
	at com.intellij.util.indexing.ValueContainer.forEach(ValueContainer.java:81)
	at com.intellij.psi.stubs.StubIndexImpl.a(StubIndexImpl.java:252)
	at com.intellij.psi.stubs.StubIndexImpl.processElements(StubIndexImpl.java:223)
	at com.intellij.psi.stubs.StubIndex.getElements(StubIndex.java:145)
	at com.intellij.psi.stubs.StubIndex.getElements(StubIndex.java:135)
	at com.jetbrains.php.PhpIndexImpl.getClassesByNameInScope(PhpIndexImpl.java:235)
	at com.jetbrains.php.PhpIndexImpl.getClassesByName(PhpIndexImpl.java:229)
	at com.jetbrains.php.completion.PhpCompletionContributor$PhpClassRefCompletionProvider.addCompletions(PhpCompletionContributor.java:439)
	at com.intellij.codeInsight.completion.CompletionProvider.addCompletionVariants(CompletionProvider.java:36)
	at com.intellij.codeInsight.completion.CompletionContributor.fillCompletionVariants(CompletionContributor.java:155)
	at com.intellij.codeInsight.completion.CompletionService.getVariantsFromContributors(CompletionService.java:81)
	at com.intellij.codeInsight.completion.CompletionResultSet.runRemainingContributors(CompletionResultSet.java:135)
	at com.intellij.codeInsight.completion.CompletionResultSet.runRemainingContributors(CompletionResultSet.java:128)
	at com.intellij.codeInsight.template.impl.LiveTemplateCompletionContributor$2.addCompletions(LiveTemplateCompletionContributor.java:90)
	at com.intellij.codeInsight.completion.CompletionProvider.addCompletionVariants(CompletionProvider.java:36)
	at com.intellij.codeInsight.completion.CompletionContributor.fillCompletionVariants(CompletionContributor.java:155)
	at com.intellij.codeInsight.completion.CompletionService.getVariantsFromContributors(CompletionService.java:81)
	at com.intellij.codeInsight.completion.CompletionService.performCompletion(CompletionService.java:110)
	at com.intellij.codeInsight.completion.CompletionProgressIndicator.a(CompletionProgressIndicator.java:843)
	at com.intellij.codeInsight.completion.CompletionProgressIndicator.access$1000(CompletionProgressIndicator.java:93)
	at com.intellij.codeInsight.completion.CompletionProgressIndicator$1CalculateItems.run(CompletionProgressIndicator.java:825)
	at com.intellij.codeInsight.completion.AsyncCompletion$1$1$1.run(CompletionThreading.java:94)
	at com.intellij.openapi.application.impl.ApplicationImpl.runReadAction(ApplicationImpl.java:951)
	at com.intellij.codeInsight.completion.AsyncCompletion$1$1.run(CompletionThreading.java:89)
	at com.intellij.openapi.progress.impl.CoreProgressManager$2.run(CoreProgressManager.java:142)
	at com.intellij.openapi.progress.impl.CoreProgressManager.a(CoreProgressManager.java:446)
	at com.intellij.openapi.progress.impl.CoreProgressManager.executeProcessUnderProgress(CoreProgressManager.java:392)
	at com.intellij.openapi.progress.impl.ProgressManagerImpl.executeProcessUnderProgress(ProgressManagerImpl.java:54)
	at com.intellij.openapi.progress.impl.CoreProgressManager.runProcess(CoreProgressManager.java:127)
	at com.intellij.codeInsight.completion.AsyncCompletion$1.run(CompletionThreading.java:85)
	at com.intellij.openapi.application.impl.ApplicationImpl$8.run(ApplicationImpl.java:366)
	at java.util.concurrent.Executors$RunnableAdapter.call(Executors.java:511)
	at java.util.concurrent.FutureTask.run(FutureTask.java:266)
	at java.util.concurrent.ThreadPoolExecutor.runWorker(ThreadPoolExecutor.java:1142)
	at java.util.concurrent.ThreadPoolExecutor$Worker.run(ThreadPoolExecutor.java:617)
	at java.lang.Thread.run(Thread.java:745)
	at org.jetbrains.ide.PooledThreadExecutor$1$1.run(PooledThreadExecutor.java:55)
[7823007]  ERROR - stubs.StubProcessingHelperBase - PhpStorm 10.0.3  Build #PS-143.1770 
[7823007]  ERROR - stubs.StubProcessingHelperBase - JDK: 1.8.0_51 
[7823007]  ERROR - stubs.StubProcessingHelperBase - VM: Java HotSpot(TM) 64-Bit Server VM 
[7823007]  ERROR - stubs.StubProcessingHelperBase - Vendor: Oracle Corporation 
[7823007]  ERROR - stubs.StubProcessingHelperBase - OS: Linux 
[7823007]  ERROR - stubs.StubProcessingHelperBase - Last Action: EditorEnter 
[7823007]  ERROR - j.psi.stubs.StubTreeLoaderImpl - Outdated stub in index: no data, doc=null, docSaved=true, wasIndexedAlready=true, queried at 1457499794000 
[7823007]  ERROR - j.psi.stubs.StubTreeLoaderImpl - PhpStorm 10.0.3  Build #PS-143.1770 
[7823007]  ERROR - j.psi.stubs.StubTreeLoaderImpl - JDK: 1.8.0_51 
[7823008]  ERROR - j.psi.stubs.StubTreeLoaderImpl - VM: Java HotSpot(TM) 64-Bit Server VM 
[7823008]  ERROR - j.psi.stubs.StubTreeLoaderImpl - Vendor: Oracle Corporation 
[7823008]  ERROR - j.psi.stubs.StubTreeLoaderImpl - OS: Linux 
[7823008]  ERROR - j.psi.stubs.StubTreeLoaderImpl - Last Action: EditorEnter 
[9496071]   WARN - pl.local.NativeFileWatcherImpl - Watcher terminated with exit code 0 
